
> geni@0.1.0 build
> react-scripts build

Creating an optimized production build...
Browserslist: caniuse-lite is outdated. Please run:
  npx browserslist@latest --update-db
  Why you should do it regularly: https://github.com/browserslist/browserslist#browsers-data-updating
Browserslist: caniuse-lite is outdated. Please run:
  npx browserslist@latest --update-db
  Why you should do it regularly: https://github.com/browserslist/browserslist#browsers-data-updating
Compiled with warnings.

src\App.js
  Line 1:71:    'Alert' is defined but never used             no-unused-vars
  Line 6:76:    'Refresh' is defined but never used           no-unused-vars
  Line 6:111:   'AlertCircle' is defined but never used       no-unused-vars
  Line 91:10:   'CustomHeader' is defined but never used      no-unused-vars
  Line 108:16:  'setOpen' is assigned a value but never used  no-unused-vars

src\Loading.js
  Line 5:21:   'usf' is defined but never used                                                                          no-unused-vars
  Line 7:23:   'AlertOctagon' is defined but never used                                                                 no-unused-vars
  Line 7:60:   'GitCommit' is defined but never used                                                                    no-unused-vars
  Line 7:71:   'GitPullRequest' is defined but never used                                                               no-unused-vars
  Line 7:87:   'Link' is defined but never used                                                                         no-unused-vars
  Line 7:93:   'Server' is defined but never used                                                                       no-unused-vars
  Line 9:8:    'Setup' is defined but never used                                                                        no-unused-vars
  Line 9:28:   'StepTwo' is defined but never used                                                                      no-unused-vars
  Line 13:10:  'getActive' is defined but never used                                                                    no-unused-vars
  Line 122:8:  React Hook useEffect has a missing dependency: 'form'. Either include it or remove the dependency array  react-hooks/exhaustive-deps

src\Login.js
  Line 5:10:   'ArrowForward' is defined but never used                                                                   no-unused-vars
  Line 5:24:   'ArrowForwardUp' is defined but never used                                                                 no-unused-vars
  Line 5:52:   'Database' is defined but never used                                                                       no-unused-vars
  Line 5:62:   'Lock' is defined but never used                                                                           no-unused-vars
  Line 49:17:  img elements must have an alt prop, either with meaningful text, or an empty string for decorative images  jsx-a11y/alt-text

src\Setup.js
  Line 1:46:  'Paper' is defined but never used               no-unused-vars
  Line 5:23:  'BluetoothConnected' is defined but never used  no-unused-vars
  Line 5:68:  'HandRock' is defined but never used            no-unused-vars
  Line 5:95:  'Server' is defined but never used              no-unused-vars
  Line 8:10:  'tap' is defined but never used                 no-unused-vars
  Line 8:15:  'timer' is defined but never used               no-unused-vars

src\components\collections\_collection-modelizer.js
  Line 5:10:    'forwardRef' is defined but never used                  no-unused-vars
  Line 8:18:    'GitFork' is defined but never used                     no-unused-vars
  Line 116:28:  'setLeftReferences' is assigned a value but never used  no-unused-vars

src\components\collections\_collection_settings.js
  Line 9:8:    'axios' is defined but never used          no-unused-vars
  Line 14:11:  'conf' is assigned a value but never used  no-unused-vars

src\components\collections\_field_input.js
  Line 6:23:   'useRef' is defined but never used                                                                                                                                                                                                                                      no-unused-vars
  Line 48:8:   React Hook useCallback has missing dependencies: 'field.name', 'getInputProps', and 'setValue'. Either include them or remove the dependency array. If 'setValue' changes too often, find the parent component that defines it and wrap that definition in useCallback  react-hooks/exhaustive-deps
  Line 78:37:  img elements must have an alt prop, either with meaningful text, or an empty string for decorative images                                                                                                                                                               jsx-a11y/alt-text

src\components\collections\_json.js
  Line 2:10:  'generateJson' is defined but never used  no-unused-vars

src\components\collections\_merise.js
  Line 1:10:   'pascalCase' is defined but never used                                                                  no-unused-vars
  Line 3:17:   'Component' is defined but never used                                                                   no-unused-vars
  Line 3:28:   'Fragment' is defined but never used                                                                    no-unused-vars
  Line 3:62:   'useRef' is defined but never used                                                                      no-unused-vars
  Line 7:19:   'TYPES' is defined but never used                                                                       no-unused-vars
  Line 144:8:  React Hook useEffect has a missing dependency: 'app'. Either include it or remove the dependency array  react-hooks/exhaustive-deps

src\components\collections\_relation_input.js
  Line 36:8:   React Hook useEffect has a missing dependency: 'get'. Either include it or remove the dependency array  react-hooks/exhaustive-deps
  Line 63:11:  'searchField' is assigned a value but never used                                                        no-unused-vars
  Line 78:8:   React Hook useEffect has a missing dependency: 'get'. Either include it or remove the dependency array  react-hooks/exhaustive-deps

src\components\collections\_seed_insert.js
  Line 17:79:  'errors' is assigned a value but never used                                                                    no-unused-vars
  Line 37:8:   React Hook useEffect has a missing dependency: 'unregister'. Either include it or remove the dependency array  react-hooks/exhaustive-deps

src\constants\types.js
  Line 1:59:   'Heading' is defined but never used            no-unused-vars
  Line 1:68:   'Id' is defined but never used                 no-unused-vars
  Line 1:94:   'KeyboardShow' is defined but never used       no-unused-vars
  Line 1:155:  'RelationOneToMany' is defined but never used  no-unused-vars
  Line 1:192:  'Shield' is defined but never used             no-unused-vars

src\hooks\useApiLoader.js
  Line 4:30:  'RoadSign' is defined but never used        no-unused-vars
  Line 9:12:  'error' is assigned a value but never used  no-unused-vars

src\index.js
  Line 6:10:  'MantineProvider' is defined but never used  no-unused-vars

src\services\api.service.js
  Line 4:5:  Useless constructor  no-useless-constructor

src\services\collection.service.js
  Line 4:5:  Useless constructor  no-useless-constructor

src\utils\typescript-convert.js
  Line 5:5:  Expected a default case  default-case

src\views\ApiDoc.js
  Line 1:32:    'Input' is defined but never used                                                                                                                                                                                                       no-unused-vars
  Line 1:71:    'Tooltip' is defined but never used                                                                                                                                                                                                     no-unused-vars
  Line 2:18:    'Route' is defined but never used                                                                                                                                                                                                       no-unused-vars
  Line 2:25:    'Routes' is defined but never used                                                                                                                                                                                                      no-unused-vars
  Line 2:57:    'useRoutes' is defined but never used                                                                                                                                                                                                   no-unused-vars
  Line 4:10:    'ArrowDown' is defined but never used                                                                                                                                                                                                   no-unused-vars
  Line 4:21:    'ArrowRight' is defined but never used                                                                                                                                                                                                  no-unused-vars
  Line 4:33:    'CaretDown' is defined but never used                                                                                                                                                                                                   no-unused-vars
  Line 4:44:    'Check' is defined but never used                                                                                                                                                                                                       no-unused-vars
  Line 4:85:    'Copy' is defined but never used                                                                                                                                                                                                        no-unused-vars
  Line 4:105:   'FoldDown' is defined but never used                                                                                                                                                                                                    no-unused-vars
  Line 4:115:   'GitFork' is defined but never used                                                                                                                                                                                                     no-unused-vars
  Line 4:124:   'Plus' is defined but never used                                                                                                                                                                                                        no-unused-vars
  Line 4:145:   'UserCheck' is defined but never used                                                                                                                                                                                                   no-unused-vars
  Line 50:10:   'ApiDocRoutes' is defined but never used                                                                                                                                                                                                no-unused-vars
  Line 99:11:   'docRoutes' is assigned a value but never used                                                                                                                                                                                          no-unused-vars
  Line 139:11:  'bigScreen' is assigned a value but never used                                                                                                                                                                                          no-unused-vars
  Line 152:11:  'selected' is assigned a value but never used                                                                                                                                                                                           no-unused-vars
  Line 162:8:   React Hook useEffect has an unnecessary dependency: 'ref.current'. Either exclude it or remove the dependency array. Mutable values like 'ref.current' aren't valid dependencies because mutating them doesn't re-render the component  react-hooks/exhaustive-deps
  Line 190:63:  img elements must have an alt prop, either with meaningful text, or an empty string for decorative images                                                                                                                               jsx-a11y/alt-text
  Line 248:11:  'relations' is assigned a value but never used                                                                                                                                                                                          no-unused-vars

src\views\CollectionInsert.js
  Line 1:18:  'Loader' is defined but never used                                                                           no-unused-vars
  Line 33:8:  React Hook useEffect has a missing dependency: 'setValue'. Either include it or remove the dependency array  react-hooks/exhaustive-deps

src\views\CollectionRename.js
  Line 8:10:  'ArrowBack' is defined but never used                                                                        no-unused-vars
  Line 8:21:  'ArrowBarLeft' is defined but never used                                                                     no-unused-vars
  Line 8:46:  'Backspace' is defined but never used                                                                        no-unused-vars
  Line 24:8:  React Hook useEffect has a missing dependency: 'setValue'. Either include it or remove the dependency array  react-hooks/exhaustive-deps

src\views\Collections.js
  Line 2:10:    'useLocation' is defined but never used                                                                     no-unused-vars
  Line 2:34:    'useRoutes' is defined but never used                                                                       no-unused-vars
  Line 4:22:    'Check' is defined but never used                                                                           no-unused-vars
  Line 4:29:    'Checks' is defined but never used                                                                          no-unused-vars
  Line 4:37:    'CircleCheck' is defined but never used                                                                     no-unused-vars
  Line 4:84:    'Crosshair' is defined but never used                                                                       no-unused-vars
  Line 4:95:    'Disabled' is defined but never used                                                                        no-unused-vars
  Line 4:190:   'EditCircle' is defined but never used                                                                      no-unused-vars
  Line 154:12:  'newPopup' is assigned a value but never used                                                               no-unused-vars
  Line 154:22:  'setNewPopup' is assigned a value but never used                                                            no-unused-vars
  Line 237:8:   React Hook useEffect has a missing dependency: 'getData'. Either include it or remove the dependency array  react-hooks/exhaustive-deps
  Line 301:88:  img elements must have an alt prop, either with meaningful text, or an empty string for decorative images   jsx-a11y/alt-text

src\views\Dashboard.js
  Line 1:10:   'Text' is defined but never used                                                                           no-unused-vars
  Line 10:17:  img elements must have an alt prop, either with meaningful text, or an empty string for decorative images  jsx-a11y/alt-text

src\views\NewCollection.js
  Line 8:10:  'ArrowBack' is defined but never used     no-unused-vars
  Line 8:21:  'ArrowBarLeft' is defined but never used  no-unused-vars
  Line 8:46:  'Backspace' is defined but never used     no-unused-vars

src\views\Seeder.js
  Line 3:8:   'ReactFlow' is defined but never used  no-unused-vars
  Line 4:10:  'PlayCard' is defined but never used   no-unused-vars

Search for the keywords to learn more about each warning.
To ignore, add // eslint-disable-next-line to the line before.

File sizes after gzip:

  743.37 kB  build\static\js\main.54c2cbb5.js
  5.78 kB    build\static\css\main.8df98a46.css

The bundle size is significantly larger than recommended.
Consider reducing it with code splitting: https://goo.gl/9VhYWB
You can also analyze the project dependencies: https://goo.gl/LeUzfb

The project was built assuming it is hosted at /.
You can control this with the homepage field in your package.json.

The build folder is ready to be deployed.
You may serve it with a static server:

  npm install -g serve
  serve -s build

Find out more about deployment here:

  https://cra.link/deployment

